Flutter crash report.
Please report a bug at https://github.com/flutter/flutter/issues.

## command

flutter --quiet assemble --no-version-check --depfile D:\Kodingan\Flutter\aniki\build\app\intermediates\flutter\debug/flutter_build.d --output D:\Kodingan\Flutter\aniki\build\app\intermediates\flutter\debug -dTargetFile=D:\Kodingan\Flutter\aniki\lib\main.dart -dTargetPlatform=android -dBuildMode=debug -dTrackWidgetCreation=true -dFlavor= -dAndroidArchs=android-arm64 -dMinSdkVersion=19 debug_android_application

## exception

FileSystemException: FileSystemException: Cannot resolve symbolic links, path = 'D:\Kodingan\Flutter\aniki\.dart_tool\flutter_build\591b79ce9de086f26761c863f997d955' (OS Error: The system cannot find the file specified.
, errno = 2)

```
#0      FileSystemEntity._throwIfError (dart:io/file_system_entity.dart:826:7)
#1      FileSystemEntity.resolveSymbolicLinksSync (dart:io/file_system_entity.dart:357:5)
#2      ForwardingFileSystemEntity.resolveSymbolicLinksSync (package:file/src/forwarding/forwarding_file_system_entity.dart:56:49)
#3      ForwardingFileSystemEntity.resolveSymbolicLinksSync (package:file/src/forwarding/forwarding_file_system_entity.dart:56:49)
#4      SourceVisitor.visitPattern (package:flutter_tools/src/build_system/source.dart:102:67)
#5      _PatternSource.accept (package:flutter_tools/src/build_system/source.dart:245:49)
#6      Target._resolveConfiguration (package:flutter_tools/src/build_system/build_system.dart:257:14)
#7      Target.resolveOutputs (package:flutter_tools/src/build_system/build_system.dart:210:12)
#8      Target._toNode (package:flutter_tools/src/build_system/build_system.dart:161:39)
#9      Target._toNode (package:flutter_tools/src/build_system/build_system.dart:167:58)
#10     Target._toNode (package:flutter_tools/src/build_system/build_system.dart:167:58)
#11     FlutterBuildSystem.build (package:flutter_tools/src/build_system/build_system.dart:624:30)
#12     AssembleCommand.runCommand (package:flutter_tools/src/commands/assemble.dart:328:51)
#13     FlutterCommand.verifyThenRunCommand (package:flutter_tools/src/runner/flutter_command.dart:1772:12)
<asynchronous suspension>
#14     FlutterCommand.run.<anonymous closure> (package:flutter_tools/src/runner/flutter_command.dart:1408:27)
<asynchronous suspension>
#15     AppContext.run.<anonymous closure> (package:flutter_tools/src/base/context.dart:153:19)
<asynchronous suspension>
#16     CommandRunner.runCommand (package:args/command_runner.dart:212:13)
<asynchronous suspension>
#17     FlutterCommandRunner.runCommand.<anonymous closure> (package:flutter_tools/src/runner/flutter_command_runner.dart:420:9)
<asynchronous suspension>
#18     AppContext.run.<anonymous closure> (package:flutter_tools/src/base/context.dart:153:19)
<asynchronous suspension>
#19     FlutterCommandRunner.runCommand (package:flutter_tools/src/runner/flutter_command_runner.dart:364:5)
<asynchronous suspension>
#20     run.<anonymous closure>.<anonymous closure> (package:flutter_tools/runner.dart:130:9)
<asynchronous suspension>
#21     AppContext.run.<anonymous closure> (package:flutter_tools/src/base/context.dart:153:19)
<asynchronous suspension>
#22     main (package:flutter_tools/executable.dart:93:3)
<asynchronous suspension>
```

## flutter doctor

```
[!] Flutter (Channel stable, 3.24.3, on Microsoft Windows [Version 10.0.22631.4460], locale en-ID)
    • Flutter version 3.24.3 on channel stable at C:\Users\cipta\fvm\versions\3.24.3
    ! Warning: `flutter` on your path resolves to C:\Users\cipta\AppData\Local\Android\flutter\bin\flutter, which is not inside your current Flutter SDK checkout at C:\Users\cipta\fvm\versions\3.24.3. Consider adding C:\Users\cipta\fvm\versions\3.24.3\bin to the front of your path.
    ! Warning: `dart` on your path resolves to C:\Users\cipta\AppData\Local\Android\flutter\bin\dart, which is not inside your current Flutter SDK checkout at C:\Users\cipta\fvm\versions\3.24.3. Consider adding C:\Users\cipta\fvm\versions\3.24.3\bin to the front of your path.
    • Upstream repository https://github.com/flutter/flutter.git
    • Framework revision 2663184aa7 (2 months ago), 2024-09-11 16:27:48 -0500
    • Engine revision 36335019a8
    • Dart version 3.5.3
    • DevTools version 2.37.3
    • If those were intentional, you can disregard the above warnings; however it is recommended to use "git" directly to perform update checks and upgrades.

[✓] Windows Version (Installed version of Windows is version 10 or higher)

[✓] Android toolchain - develop for Android devices (Android SDK version 34.0.0)
    • Android SDK at C:\Users\cipta\AppData\Local\Android\sdk
    • Platform android-34, build-tools 34.0.0
    • Java binary at: C:\Program Files\Microsoft\jdk-17.0.9.8-hotspot\bin\java
    • Java version OpenJDK Runtime Environment Microsoft-8552009 (build 17.0.9+8-LTS)
    • All Android licenses accepted.

[✓] Chrome - develop for the web
    • Chrome at C:\Program Files\Google\Chrome\Application\chrome.exe

[✓] Android Studio (version 2024.2)
    • Android Studio at C:\Program Files\Android\Android Studio
    • Flutter plugin can be installed from:
      🔨 https://plugins.jetbrains.com/plugin/9212-flutter
    • Dart plugin can be installed from:
      🔨 https://plugins.jetbrains.com/plugin/6351-dart
    • Java version OpenJDK Runtime Environment (build 21.0.3+-12282718-b509.11)

[✓] VS Code (version 1.95.3)
    • VS Code at C:\Users\cipta\AppData\Local\Programs\Microsoft VS Code
    • Flutter extension version 3.100.0

[✓] Connected device (3 available)
    • vivo 1719 (mobile) • bf09e475 • android-arm64  • Android 7.1.2 (API 25)
    • Chrome (web)       • chrome   • web-javascript • Google Chrome 131.0.6778.86
    • Edge (web)         • edge     • web-javascript • Microsoft Edge 131.0.2903.51

[✓] Network resources
    • All expected network resources are available.

! Doctor found issues in 1 category.
```
